SF:lib\app\commons\adapters\http_client\http_response.dart
DA:5,3
LF:1
LH:1
end_of_record
SF:lib\app\commons\dafault_errors.dart
DA:12,1
DA:24,1
LF:2
LH:2
end_of_record
SF:lib\app\modules\words\data\external\datasources\word_datasource.dart
DA:12,3
DA:15,3
DA:18,6
DA:22,6
DA:23,15
DA:26,1
DA:27,2
DA:29,1
LF:8
LH:8
end_of_record
SF:lib\app\modules\words\data\infra\repositories\word_repository.dart
DA:7,3
DA:11,3
DA:13,6
DA:15,6
LF:4
LH:4
end_of_record
SF:lib\app\modules\words\domain\usecases\build_plural_word_usecase.dart
DA:4,4
DA:7,12
DA:9,4
DA:11,4
DA:12,4
DA:13,4
DA:14,8
DA:15,4
DA:16,4
DA:17,4
DA:18,4
DA:19,20
DA:20,4
DA:21,20
DA:22,20
DA:23,4
DA:24,5
DA:25,4
DA:26,8
DA:27,20
DA:29,2
DA:32,4
LF:22
LH:22
end_of_record
SF:lib\app\commons\extensions\match_letter_extension.dart
DA:4,40
DA:6,4
DA:9,20
DA:11,3
DA:12,3
DA:14,2
DA:15,4
DA:16,1
DA:17,1
DA:19,3
DA:20,3
DA:22,2
DA:23,3
LF:13
LH:13
end_of_record
SF:lib\app\modules\words\domain\entities\letter_entity.dart
DA:5,2
LF:1
LH:1
end_of_record
SF:lib\app\modules\words\domain\entities\word_entity.dart
DA:13,1
DA:14,2
DA:15,0
DA:16,0
DA:17,1
DA:18,2
DA:19,1
DA:20,2
DA:26,0
DA:27,0
DA:28,0
DA:29,0
DA:30,0
DA:31,0
DA:32,0
DA:33,0
DA:34,0
DA:35,0
DA:36,0
DA:45,9
DA:54,4
DA:62,4
DA:63,3
DA:64,4
DA:65,4
DA:66,4
DA:67,4
DA:68,4
LF:28
LH:15
end_of_record
SF:lib\app\modules\words\domain\usecases\filter_position_letters_usecase.dart
DA:6,3
DA:30,3
DA:31,12
DA:32,9
DA:33,3
DA:36,3
DA:37,3
DA:38,9
DA:39,9
DA:40,9
DA:41,9
DA:42,9
DA:44,3
DA:47,3
DA:48,6
DA:50,4
DA:51,3
DA:52,1
DA:53,1
LF:19
LH:19
end_of_record
SF:lib\app\modules\words\domain\usecases\filter_words_usecase.dart
DA:5,3
DA:11,6
DA:12,6
DA:13,3
DA:16,12
DA:17,3
DA:20,12
DA:21,9
DA:22,3
DA:36,3
DA:37,3
DA:38,9
DA:40,6
DA:41,9
DA:43,4
DA:44,9
DA:46,4
DA:47,9
DA:49,4
DA:50,9
DA:52,4
DA:54,3
LF:22
LH:22
end_of_record
SF:lib\app\modules\words\domain\usecases\search_words_usecase.dart
DA:9,3
DA:15,3
DA:16,6
DA:17,3
DA:19,6
DA:20,6
DA:21,6
DA:23,6
DA:24,15
DA:28,6
LF:10
LH:10
end_of_record
SF:lib\app\modules\words\presentation\pages\black_list\black_list_controller.dart
DA:13,2
DA:17,8
DA:19,2
DA:20,8
DA:22,8
DA:23,12
DA:24,2
DA:25,2
DA:26,2
DA:29,6
DA:30,8
DA:31,4
DA:32,2
DA:33,2
DA:36,10
DA:39,8
DA:40,5
DA:44,8
DA:45,12
DA:46,4
DA:50,4
DA:51,4
DA:55,2
DA:56,14
DA:57,14
DA:58,14
DA:59,14
DA:60,14
LF:28
LH:28
end_of_record
SF:lib\app\modules\words\presentation\stores\words_store.dart
DA:8,21
DA:10,6
DA:11,12
DA:13,12
DA:15,1
DA:16,3
DA:17,3
DA:20,0
DA:21,0
DA:22,0
DA:25,3
DA:26,3
DA:27,9
DA:28,9
DA:29,2
DA:31,9
DA:33,9
DA:36,2
DA:37,6
DA:38,6
DA:40,6
DA:43,3
DA:44,6
DA:45,9
DA:46,9
DA:47,2
DA:49,9
DA:51,9
DA:54,2
DA:55,6
DA:56,6
DA:58,6
DA:61,4
DA:62,8
DA:64,4
DA:65,4
DA:67,2
DA:68,2
DA:70,2
DA:71,2
DA:73,2
DA:74,2
DA:76,2
DA:77,2
DA:82,12
LF:45
LH:42
end_of_record
SF:lib\app\modules\words\presentation\viewmodels\words_view_model.dart
DA:11,7
DA:17,7
DA:19,7
DA:26,7
DA:27,7
DA:28,6
DA:29,6
DA:30,7
DA:31,7
LF:9
LH:9
end_of_record
SF:lib\app\modules\words\presentation\pages\home\home_controller.dart
DA:27,3
DA:39,3
DA:40,6
DA:41,6
DA:42,3
DA:45,1
DA:46,5
DA:47,1
DA:51,1
DA:52,5
DA:53,1
DA:57,0
DA:58,0
DA:59,0
DA:63,2
DA:64,4
DA:65,4
DA:66,4
DA:67,4
DA:68,4
DA:69,4
DA:70,2
DA:73,3
DA:74,6
DA:76,6
DA:77,9
DA:78,9
DA:79,9
DA:80,6
DA:82,6
DA:83,9
DA:84,6
DA:86,6
DA:90,3
DA:91,9
DA:92,3
DA:95,1
DA:96,2
LF:38
LH:35
end_of_record
SF:lib\app\modules\words\presentation\pages\home\home_store.dart
DA:4,9
LF:1
LH:1
end_of_record
SF:lib\app\app_module.dart
DA:16,4
DA:17,0
DA:19,4
DA:20,0
DA:22,8
DA:23,4
DA:24,4
DA:26,2
DA:27,0
DA:28,0
DA:29,0
DA:31,0
DA:34,0
DA:35,0
DA:36,0
LF:15
LH:6
end_of_record
SF:lib\app\commons\adapters\custom_alerts\asuka\asuka_dialog.dart
DA:12,4
DA:17,0
DA:19,0
DA:22,0
DA:24,0
LF:5
LH:1
end_of_record
SF:lib\app\commons\adapters\custom_alerts\launch_url\launch_url_adapter.dart
DA:4,3
DA:5,1
DA:9,2
DA:10,2
LF:4
LH:4
end_of_record
SF:lib\app\commons\adapters\http_client\dio\dio_adapter.dart
DA:11,0
DA:15,0
DA:18,0
DA:25,0
DA:28,0
DA:30,0
DA:31,0
DA:32,0
DA:35,0
DA:36,0
DA:37,0
DA:38,0
DA:40,0
DA:41,0
DA:46,0
DA:54,0
DA:58,0
DA:60,0
DA:61,0
DA:62,0
DA:65,0
DA:66,0
DA:67,0
DA:68,0
DA:70,0
DA:71,0
DA:76,0
DA:84,0
DA:88,0
DA:90,0
DA:91,0
DA:92,0
DA:95,0
DA:96,0
DA:97,0
DA:98,0
DA:100,0
DA:101,0
DA:106,0
DA:114,0
DA:118,0
DA:120,0
DA:121,0
DA:122,0
DA:125,0
DA:126,0
DA:127,0
DA:128,0
DA:130,0
DA:131,0
LF:50
LH:0
end_of_record
SF:lib\app\commons\adapters\http_client\dio\interceptors\dio_interceptor.dart
DA:10,0
DA:12,0
DA:19,0
DA:20,0
DA:21,0
DA:22,0
DA:23,0
DA:27,0
DA:28,0
DA:29,0
DA:34,0
DA:37,0
DA:43,0
DA:45,0
DA:48,0
DA:54,0
DA:55,0
DA:57,0
DA:58,0
DA:59,0
DA:60,0
DA:61,0
DA:63,0
DA:66,0
DA:67,0
DA:68,0
DA:69,0
DA:70,0
DA:71,0
DA:73,0
DA:78,0
LF:31
LH:0
end_of_record
SF:lib\app\modules\words\words_module.dart
DA:25,5
DA:26,5
DA:27,13
DA:28,9
DA:29,5
DA:30,8
DA:31,9
DA:32,9
DA:33,9
DA:34,2
DA:35,2
DA:37,9
DA:38,5
DA:39,6
DA:40,11
DA:41,9
DA:42,2
DA:43,2
DA:44,2
DA:45,2
DA:46,2
DA:47,2
DA:49,7
DA:50,1
DA:51,1
DA:53,7
DA:54,1
DA:55,1
DA:57,5
DA:58,0
DA:59,0
DA:63,0
DA:64,0
DA:65,0
DA:67,0
DA:69,0
DA:71,0
DA:73,0
DA:74,0
DA:75,0
DA:77,0
LF:41
LH:29
end_of_record
SF:lib\app\modules\words\presentation\pages\black_list\black_list_page.dart
DA:8,2
DA:10,1
DA:11,1
DA:15,1
DA:17,2
DA:18,1
DA:19,1
DA:21,1
DA:22,1
DA:23,1
DA:24,1
DA:30,1
DA:31,1
DA:32,1
DA:33,1
DA:34,2
DA:36,1
DA:43,1
DA:44,1
DA:45,1
DA:46,1
DA:47,4
DA:48,1
DA:49,1
DA:50,4
DA:51,1
DA:53,4
DA:54,1
DA:55,1
DA:56,1
DA:57,1
DA:60,1
LF:32
LH:32
end_of_record
SF:lib\app\modules\words\presentation\pages\home\widgets\info_dialog\info_dialog_widget.dart
DA:6,10
DA:8,1
DA:9,1
DA:15,1
DA:17,1
DA:19,1
DA:21,1
DA:23,1
DA:24,2
DA:28,1
DA:29,2
DA:34,1
DA:35,1
DA:36,0
DA:37,0
DA:45,1
DA:47,1
DA:49,2
LF:18
LH:16
end_of_record
SF:lib\app\modules\words\presentation\pages\home\home_page.dart
DA:10,4
DA:12,2
DA:13,2
DA:17,2
DA:19,2
DA:20,6
DA:21,6
DA:25,2
DA:27,4
DA:28,2
DA:29,2
DA:31,2
DA:32,2
DA:33,2
DA:34,2
DA:35,2
DA:37,4
DA:38,2
DA:42,2
DA:43,2
DA:44,2
DA:45,2
DA:47,6
DA:48,2
DA:54,2
DA:55,2
DA:56,2
DA:57,2
DA:59,4
DA:60,2
DA:66,2
DA:71,2
DA:75,2
DA:76,2
DA:77,2
DA:78,2
DA:79,2
DA:81,2
DA:82,4
DA:84,2
DA:86,2
DA:87,2
DA:89,2
DA:91,2
DA:92,2
DA:94,2
DA:96,2
DA:97,2
DA:99,2
DA:101,2
DA:102,2
DA:107,2
DA:108,2
DA:109,2
DA:110,2
DA:111,2
DA:112,2
DA:113,2
DA:114,2
DA:119,2
DA:120,2
DA:121,2
DA:122,2
DA:124,4
DA:125,2
DA:126,4
DA:128,2
DA:130,8
DA:143,2
DA:144,2
LF:70
LH:70
end_of_record
SF:lib\app\modules\words\presentation\pages\home\widgets\action_widget.dart
DA:11,2
DA:18,2
DA:20,2
DA:22,2
DA:23,4
DA:24,2
DA:25,2
DA:26,2
DA:27,4
DA:32,2
DA:33,2
DA:34,2
DA:35,2
DA:37,2
LF:14
LH:14
end_of_record
SF:lib\app\modules\words\presentation\pages\home\widgets\letter_input_widget.dart
DA:8,2
DA:15,2
DA:17,2
DA:18,2
DA:20,2
DA:21,2
DA:23,2
DA:24,6
DA:25,4
DA:27,2
LF:10
LH:10
end_of_record
SF:lib\app\modules\words\presentation\pages\home\widgets\info_dialog\info_dialog_controller.dart
DA:8,2
DA:11,8
DA:12,6
DA:13,2
LF:4
LH:4
end_of_record
SF:lib\app\modules\words\presentation\pages\letters_position\letter_position_controller.dart
DA:13,0
DA:14,0
DA:16,0
DA:21,0
DA:22,0
DA:24,0
DA:25,0
DA:27,0
DA:28,0
DA:29,0
DA:30,0
DA:34,0
DA:35,0
DA:36,0
DA:37,0
DA:38,0
DA:39,0
LF:17
LH:0
end_of_record
SF:lib\app\modules\words\presentation\pages\letters_position\letter_position_store.dart
DA:4,0
LF:1
LH:0
end_of_record
SF:lib\app\modules\words\presentation\pages\letters_position\letter_position_page.dart
DA:8,0
DA:11,0
DA:13,0
DA:14,0
DA:18,0
DA:20,0
DA:21,0
DA:22,0
DA:24,0
DA:25,0
DA:26,0
DA:27,0
DA:33,0
DA:34,0
DA:35,0
DA:36,0
DA:37,0
DA:38,0
DA:40,0
DA:41,0
DA:43,0
DA:51,0
DA:52,0
DA:53,0
DA:57,0
DA:61,0
DA:62,0
DA:63,0
DA:67,0
DA:68,0
DA:70,0
DA:72,0
DA:77,0
DA:78,0
DA:79,0
DA:80,0
DA:82,0
DA:83,0
DA:84,0
DA:86,0
DA:87,0
DA:89,0
DA:90,0
DA:91,0
DA:92,0
DA:93,0
DA:96,0
DA:97,0
LF:48
LH:0
end_of_record
SF:lib\app\modules\words\presentation\pages\white_list\white_list_controller.dart
DA:13,2
DA:18,8
DA:20,2
DA:21,8
DA:22,8
DA:23,12
DA:24,2
DA:25,2
DA:26,2
DA:29,6
DA:30,8
DA:31,4
DA:32,2
DA:33,10
DA:34,3
DA:38,8
DA:39,12
DA:40,6
DA:44,4
DA:45,4
LF:20
LH:20
end_of_record
SF:lib\app\modules\words\presentation\pages\white_list\white_list_page.dart
DA:9,1
DA:12,1
DA:14,1
DA:15,1
DA:19,1
DA:21,2
DA:22,1
DA:23,1
DA:25,1
DA:26,1
DA:27,1
DA:28,1
DA:34,1
DA:35,1
DA:36,1
DA:37,1
DA:38,2
DA:40,1
DA:47,1
DA:48,1
DA:49,1
DA:50,1
DA:51,4
DA:52,1
DA:53,1
DA:54,4
DA:55,1
DA:57,4
DA:58,1
DA:59,1
DA:60,1
DA:61,1
DA:64,1
LF:33
LH:33
end_of_record
SF:lib\app\app_widget.dart
DA:6,1
DA:8,0
DA:10,0
DA:11,0
DA:15,0
DA:31,0
DA:32,0
LF:7
LH:1
end_of_record
SF:lib\app\commons\adapters\http_client\http\http_adapter.dart
DA:8,0
DA:12,0
DA:14,0
DA:15,0
DA:16,0
DA:19,0
DA:22,0
DA:28,0
DA:30,0
DA:31,0
DA:32,0
DA:33,0
DA:38,0
DA:45,0
DA:47,0
DA:52,0
DA:53,0
DA:54,0
DA:59,0
DA:66,0
DA:67,0
DA:72,0
DA:73,0
DA:74,0
DA:79,0
DA:86,0
DA:87,0
DA:93,0
DA:94,0
DA:95,0
LF:30
LH:0
end_of_record
SF:lib\app\commons\adapters\http_client\http_request.dart
DA:8,0
DA:16,0
DA:19,0
DA:20,0
DA:21,0
DA:22,0
DA:23,0
LF:7
LH:0
end_of_record
SF:lib\main.dart
DA:7,0
DA:8,0
DA:9,0
DA:10,0
LF:4
LH:0
end_of_record
