SF:lib\app\commons\adapters\http_client\http_response.dart
DA:5,1
LF:1
LH:1
end_of_record
SF:lib\app\commons\dafault_errors.dart
DA:12,1
DA:24,1
LF:2
LH:2
end_of_record
SF:lib\app\words\data\external\datasources\word_datasource.dart
DA:12,1
DA:16,1
DA:18,3
DA:21,3
DA:22,5
DA:24,1
DA:25,2
DA:27,1
LF:8
LH:8
end_of_record
SF:lib\app\words\data\infra\repositories\word_repository.dart
DA:7,1
DA:12,1
DA:13,3
DA:15,2
LF:4
LH:4
end_of_record
SF:lib\app\words\domain\usecases\build_plural_word_usecase.dart
DA:4,2
DA:7,6
DA:9,2
DA:11,2
DA:12,2
DA:13,2
DA:14,4
DA:15,2
DA:16,2
DA:17,2
DA:18,2
DA:19,10
DA:20,2
DA:21,10
DA:22,10
DA:23,2
DA:24,5
DA:25,2
DA:26,4
DA:27,10
DA:29,2
DA:32,2
LF:22
LH:22
end_of_record
SF:lib\app\words\domain\entities\word_entity.dart
DA:8,4
DA:16,2
DA:23,2
DA:24,1
DA:25,2
DA:26,2
DA:27,2
DA:28,2
LF:8
LH:8
end_of_record
SF:lib\app\words\domain\usecases\filter_words_usecase.dart
DA:5,1
DA:11,2
DA:12,2
DA:13,1
DA:16,4
DA:17,1
DA:20,2
DA:21,2
DA:22,2
DA:23,2
DA:24,2
DA:25,2
DA:26,2
DA:27,3
DA:28,1
LF:15
LH:15
end_of_record
SF:lib\app\commons\extensions\match_letter_extension.dart
DA:4,20
DA:6,1
DA:10,1
DA:11,5
DA:14,1
DA:15,1
DA:17,2
DA:18,4
DA:19,1
DA:20,1
DA:22,1
DA:23,1
DA:25,2
DA:26,3
DA:27,3
LF:15
LH:15
end_of_record
SF:lib\app\words\domain\usecases\search_words_usecase.dart
DA:9,1
DA:15,1
DA:16,3
DA:17,1
DA:19,2
DA:20,2
DA:21,2
DA:23,2
DA:24,5
DA:28,2
LF:10
LH:10
end_of_record
SF:lib\app\words\presentation\pages\black_list\black_list_controller.dart
DA:13,1
DA:18,4
DA:20,1
DA:21,4
DA:23,4
DA:24,6
DA:25,2
DA:26,2
DA:27,2
DA:30,3
DA:31,4
DA:32,2
DA:33,1
DA:34,1
DA:35,3
DA:38,6
DA:39,3
DA:43,4
DA:44,6
DA:45,2
DA:49,2
DA:50,2
DA:54,1
DA:55,7
DA:56,7
DA:57,7
DA:58,7
DA:59,7
LF:28
LH:28
end_of_record
SF:lib\app\words\presentation\stores\words_store.dart
DA:9,9
DA:11,3
DA:12,4
DA:14,4
DA:16,2
DA:17,2
DA:18,6
DA:19,5
DA:20,1
DA:22,6
DA:24,6
DA:27,1
DA:28,3
DA:29,3
DA:31,3
DA:34,2
DA:35,4
DA:36,6
DA:37,5
DA:38,1
DA:40,6
DA:42,6
DA:45,1
DA:46,3
DA:47,3
DA:49,3
DA:52,0
DA:54,2
DA:55,4
DA:57,2
DA:58,2
DA:60,1
DA:61,1
DA:63,1
DA:64,1
DA:66,1
DA:67,1
DA:69,1
DA:70,1
DA:75,6
LF:40
LH:39
end_of_record
SF:lib\app\words\presentation\viewmodels\words_view_model.dart
DA:11,3
DA:17,3
DA:19,3
DA:26,3
DA:27,3
DA:28,3
DA:29,3
DA:30,3
DA:31,3
LF:9
LH:9
end_of_record
SF:lib\app\words\presentation\pages\home\home_controller.dart
DA:25,1
DA:35,1
DA:36,3
DA:37,2
DA:38,1
DA:41,1
DA:42,5
DA:43,1
DA:47,1
DA:48,5
DA:49,1
DA:53,1
DA:54,2
DA:55,2
DA:56,2
DA:57,2
DA:58,2
DA:59,2
DA:60,1
DA:63,1
DA:64,2
DA:66,2
DA:67,3
DA:68,3
DA:69,3
DA:70,2
DA:73,2
DA:75,2
DA:79,1
DA:80,3
DA:81,1
DA:84,1
DA:85,2
LF:33
LH:33
end_of_record
SF:lib\app\words\presentation\pages\home\home_store.dart
DA:4,3
LF:1
LH:1
end_of_record
SF:lib\app\words\presentation\pages\home\widgets\info_dialog\info_dialog_widget.dart
DA:6,2
DA:8,0
DA:9,0
DA:15,0
DA:17,0
DA:19,0
DA:21,0
DA:23,0
DA:24,0
DA:28,0
DA:29,0
DA:34,0
DA:35,0
DA:36,0
DA:37,0
DA:45,0
DA:47,0
DA:49,0
LF:18
LH:1
end_of_record
SF:lib\app\words\presentation\pages\home\widgets\info_dialog\info_dialog_controller.dart
DA:8,0
DA:9,0
LF:2
LH:0
end_of_record
SF:lib\app\words\presentation\pages\white_list\white_list_controller.dart
DA:13,1
DA:18,4
DA:20,1
DA:21,4
DA:22,4
DA:23,6
DA:24,2
DA:25,2
DA:26,2
DA:29,3
DA:30,4
DA:31,2
DA:32,1
DA:33,6
DA:34,3
DA:38,4
DA:39,6
DA:40,3
DA:44,2
DA:45,2
LF:20
LH:20
end_of_record
SF:lib\app\app_module.dart
DA:24,0
DA:25,0
DA:26,0
LF:3
LH:0
end_of_record
SF:lib\app\app_widget.dart
DA:6,1
DA:8,0
DA:10,0
DA:11,0
DA:15,0
DA:31,0
DA:32,0
LF:7
LH:1
end_of_record
SF:lib\app\commons\adapters\custom_alerts\asuka\asuka_dialog.dart
DA:7,0
DA:9,0
DA:12,0
DA:14,0
LF:4
LH:0
end_of_record
SF:lib\app\commons\adapters\http_client\dio\dio_adapter.dart
DA:11,0
DA:15,0
DA:19,0
DA:25,0
DA:28,0
DA:30,0
DA:31,0
DA:32,0
DA:35,0
DA:36,0
DA:37,0
DA:38,0
DA:40,0
DA:41,0
DA:47,0
DA:54,0
DA:58,0
DA:60,0
DA:61,0
DA:62,0
DA:65,0
DA:66,0
DA:67,0
DA:68,0
DA:70,0
DA:71,0
DA:77,0
DA:84,0
DA:88,0
DA:90,0
DA:91,0
DA:92,0
DA:95,0
DA:96,0
DA:97,0
DA:98,0
DA:100,0
DA:101,0
DA:107,0
DA:114,0
DA:118,0
DA:120,0
DA:121,0
DA:122,0
DA:125,0
DA:126,0
DA:127,0
DA:128,0
DA:130,0
DA:131,0
LF:50
LH:0
end_of_record
SF:lib\app\commons\adapters\http_client\dio\interceptors\dio_interceptor.dart
DA:10,0
DA:12,0
DA:19,0
DA:20,0
DA:21,0
DA:22,0
DA:25,0
DA:26,0
DA:30,0
DA:33,0
DA:39,0
DA:41,0
DA:44,0
DA:50,0
DA:51,0
DA:53,0
DA:54,0
DA:55,0
DA:56,0
DA:57,0
DA:59,0
DA:61,0
DA:62,0
DA:63,0
DA:64,0
DA:65,0
DA:66,0
DA:68,0
DA:72,0
LF:29
LH:0
end_of_record
SF:lib\app\commons\adapters\http_client\http\http_adapter.dart
DA:8,0
DA:12,0
DA:14,0
DA:15,0
DA:16,0
DA:19,0
DA:23,0
DA:28,0
DA:30,0
DA:31,0
DA:32,0
DA:33,0
DA:39,0
DA:45,0
DA:47,0
DA:52,0
DA:53,0
DA:54,0
DA:60,0
DA:66,0
DA:67,0
DA:72,0
DA:73,0
DA:74,0
DA:80,0
DA:86,0
DA:87,0
DA:93,0
DA:94,0
DA:95,0
LF:30
LH:0
end_of_record
SF:lib\app\commons\adapters\http_client\http_request.dart
DA:8,0
DA:16,0
DA:19,0
DA:20,0
DA:21,0
DA:22,0
DA:23,0
LF:7
LH:0
end_of_record
SF:lib\app\words\presentation\pages\black_list\black_list_page.dart
DA:9,1
DA:11,0
DA:12,0
DA:17,0
DA:19,0
DA:20,0
DA:22,0
DA:23,0
DA:24,0
DA:25,0
DA:31,0
DA:32,0
DA:33,0
DA:34,0
DA:35,0
DA:37,0
DA:44,0
DA:45,0
DA:46,0
DA:47,0
DA:48,0
DA:49,0
DA:50,0
DA:51,0
DA:52,0
DA:54,0
DA:55,0
DA:56,0
DA:57,0
DA:58,0
DA:61,0
DA:74,0
DA:76,0
DA:77,0
DA:78,0
LF:35
LH:1
end_of_record
SF:lib\app\words\presentation\pages\home\home_page.dart
DA:10,1
DA:12,0
DA:13,0
DA:18,0
DA:20,0
DA:21,0
DA:22,0
DA:26,0
DA:28,0
DA:29,0
DA:31,0
DA:32,0
DA:33,0
DA:34,0
DA:35,0
DA:37,0
DA:38,0
DA:42,0
DA:43,0
DA:44,0
DA:45,0
DA:47,0
DA:48,0
DA:54,0
DA:59,0
DA:63,0
DA:64,0
DA:65,0
DA:66,0
DA:67,0
DA:68,0
DA:69,0
DA:71,0
DA:72,0
DA:73,0
DA:75,0
DA:76,0
DA:77,0
DA:79,0
DA:80,0
DA:81,0
DA:83,0
DA:84,0
DA:85,0
DA:90,0
DA:91,0
DA:92,0
DA:93,0
DA:94,0
DA:95,0
DA:96,0
DA:97,0
DA:102,0
DA:103,0
DA:104,0
DA:105,0
DA:106,0
DA:107,0
DA:108,0
DA:110,0
DA:112,0
DA:125,0
DA:126,0
DA:132,0
DA:134,0
DA:136,0
LF:66
LH:1
end_of_record
SF:lib\app\words\presentation\pages\home\widgets\action_widget.dart
DA:11,0
DA:18,0
DA:20,0
DA:22,0
DA:23,0
DA:24,0
DA:25,0
DA:26,0
DA:27,0
DA:32,0
DA:33,0
DA:34,0
DA:35,0
DA:37,0
LF:14
LH:0
end_of_record
SF:lib\app\words\presentation\pages\home\widgets\letter_input_widget.dart
DA:8,0
DA:13,0
DA:15,0
DA:17,0
DA:18,0
DA:20,0
DA:21,0
DA:23,0
DA:24,0
LF:9
LH:0
end_of_record
SF:lib\app\words\presentation\pages\white_list\white_list_page.dart
DA:8,1
DA:10,0
DA:11,0
DA:16,0
DA:18,0
DA:19,0
DA:21,0
DA:22,0
DA:23,0
DA:24,0
DA:30,0
DA:31,0
DA:32,0
DA:33,0
DA:34,0
DA:36,0
DA:43,0
DA:44,0
DA:45,0
DA:46,0
DA:47,0
DA:48,0
DA:49,0
DA:50,0
DA:51,0
DA:53,0
DA:54,0
DA:55,0
DA:56,0
DA:57,0
DA:60,0
DA:73,0
DA:75,0
DA:76,0
DA:77,0
LF:35
LH:1
end_of_record
SF:lib\app\words\words_module.dart
DA:20,0
DA:21,0
DA:22,0
DA:23,0
DA:24,0
DA:25,0
DA:26,0
DA:27,0
DA:28,0
DA:29,0
DA:30,0
DA:32,0
DA:33,0
DA:34,0
DA:35,0
DA:37,0
DA:38,0
DA:39,0
DA:41,0
DA:42,0
DA:43,0
DA:45,0
DA:46,0
DA:47,0
DA:48,0
DA:51,0
DA:52,0
DA:53,0
DA:54,0
DA:55,0
LF:30
LH:0
end_of_record
SF:lib\main.dart
DA:7,0
DA:8,0
DA:9,0
DA:10,0
LF:4
LH:0
end_of_record
